nvidia-installer log file '/var/log/nvidia-installer.log'
creation time: Thu Sep 11 23:24:01 2025
installer version: 550.144.03

PATH: /root/miniconda3/bin:
      /root/miniconda3/condabin:
      /sbin:
      /usr/sbin:
      /usr/local/sbin:
      /usr/lpp/mmfs/bin:
      /usr/local/sbin:
      /usr/local/bin:
      /usr/sbin:
      /usr/bin:
      /sbin:
      /bin:
      /usr/games:
      /usr/local/games:
      /snap/bin

nvidia-installer command line:
    ./nvidia-installer
    --ui=none
    --no-questions
    --accept-license

Using built-in stream user interface
-> Detected 224 CPUs online; setting concurrency level to 32.
-> Scanning the initramfs with lsinitramfs...
-> Executing: /usr/bin/lsinitramfs   -l /boot/initrd.img-5.15.0-136-generic
-> Installing NVIDIA driver version 550.144.03.
-> An alternate method of installing the NVIDIA driver was detected. (This is usually a package provided by your distributor.) A driver installed via that method may integrate better with your system than a driver installed by nvidia-installer.
   检测到另一种安装 NVIDIA 驱动程序的方法。（这通常是您的发行版提供的软件包。）通过这种方法安装的驱动程序可能比使用 nvidia-installer 安装的驱动程序更好地与您的系统集成。

Please review the message provided by the maintainer of this alternate installation method and decide how to proceed:
请查看此替代安装方法维护人员提供的消息，并决定如何操作：

The NVIDIA driver provided by Ubuntu can be installed by launching the "Software & Updates" application, and by selecting the NVIDIA driver from the "Additional Drivers" tab.
您可以通过启动“软件和更新”应用程序，然后在“附加驱动程序”选项卡中选择 NVIDIA 驱动程序来安装 Ubuntu 提供的 NVIDIA 驱动程序。

(Answer: Continue installation)
-> Performing CC sanity check with CC="/usr/bin/cc".
-> Performing CC check.
-> Kernel source path: '/lib/modules/5.15.0-136-generic/build'
-> Kernel output path: '/lib/modules/5.15.0-136-generic/build'
-> Performing Compiler check.
-> Performing Dom0 check.
-> Performing Xen check.
-> Performing PREEMPT_RT check.
-> Performing vgpu_kvm check.
-> Cleaning kernel module build directory.
   executing: 'cd kernel; /usr/bin/make -k -j32  NV_EXCLUDE_KERNEL_MODULES="" SYSSRC="/lib/modules/5.15.0-136-generic/build" SYSOUT="/lib/modules/5.15.0-136-generic/build" clean'...
   rm -f -r conftest
   make[1]: Entering directory '/usr/src/linux-headers-5.15.0-136-generic'
   make[1]: Leaving directory '/usr/src/linux-headers-5.15.0-136-generic'
-> Building kernel modules
   executing: 'cd kernel; /usr/bin/make -k -j32  NV_EXCLUDE_KERNEL_MODULES="" SYSSRC="/lib/modules/5.15.0-136-generic/build" SYSOUT="/lib/modules/5.15.0-136-generic/build" '...
   make[1]: Entering directory '/usr/src/linux-headers-5.15.0-136-generic'
-> Nouveau detected in initramfs
-> Initramfs scan complete.
     SYMLINK /tmp/selfgz13738/NVIDIA-Linux-x86_64-550.144.03/kernel/nvidia/nv-kernel.o
     SYMLINK /tmp/selfgz13738/NVIDIA-Linux-x86_64-550.144.03/kernel/nvidia-modeset/nv-modeset-kernel.o
    CONFTEST: hash__remap_4k_pfn
    CONFTEST: set_pages_uc
    CONFTEST: list_is_first
    CONFTEST: set_memory_uc
    CONFTEST: set_memory_array_uc
    CONFTEST: set_pages_array_uc
    CONFTEST: ioremap_cache
    CONFTEST: ioremap_wc
    CONFTEST: ioremap_driver_hardened
    CONFTEST: ioremap_driver_hardened_wc
    CONFTEST: ioremap_cache_shared
    CONFTEST: pci_get_domain_bus_and_slot
    CONFTEST: get_num_physpages
    CONFTEST: pde_data
    CONFTEST: xen_ioemu_inject_msi
    CONFTEST: phys_to_dma
    CONFTEST: get_dma_ops
    CONFTEST: dma_attr_macros
    CONFTEST: dma_map_page_attrs
    CONFTEST: write_cr4
    CONFTEST: of_find_node_by_phandle
    CONFTEST: of_node_to_nid
    CONFTEST: pnv_pci_get_npu_dev
    CONFTEST: of_get_ibm_chip_id
    CONFTEST: pci_bus_address
    CONFTEST: pci_stop_and_remove_bus_device
    CONFTEST: pci_rebar_get_possible_sizes
    CONFTEST: wait_for_random_bytes
    CONFTEST: register_cpu_notifier
    CONFTEST: cpuhp_setup_state
    CONFTEST: dma_map_resource
    CONFTEST: get_backlight_device_by_name
    CONFTEST: timer_setup
    CONFTEST: pci_enable_msix_range
    CONFTEST: kernel_read_has_pointer_pos_arg
    CONFTEST: kernel_write_has_pointer_pos_arg
    CONFTEST: dma_direct_map_resource
    CONFTEST: tegra_get_platform
    CONFTEST: tegra_bpmp_send_receive
    CONFTEST: flush_cache_all
    CONFTEST: vmf_insert_pfn
    CONFTEST: jiffies_to_timespec
    CONFTEST: ktime_get_raw_ts64
    CONFTEST: ktime_get_real_ts64
    CONFTEST: full_name_hash
    CONFTEST: pci_enable_atomic_ops_to_root
    CONFTEST: vga_tryget
    CONFTEST: cc_platform_has
    CONFTEST: cc_attr_guest_sev_snp
    CONFTEST: hv_get_isolation_type
    CONFTEST: seq_read_iter
    CONFTEST: follow_pfn
    CONFTEST: drm_gem_object_get
    CONFTEST: drm_gem_object_put_unlocked
    CONFTEST: add_memory_driver_managed
    CONFTEST: device_property_read_u64
    CONFTEST: devm_of_platform_populate
    CONFTEST: of_dma_configure
    CONFTEST: of_property_count_elems_of_size
    CONFTEST: of_property_read_variable_u8_array
    CONFTEST: of_property_read_variable_u32_array
    CONFTEST: i2c_new_client_device
    CONFTEST: i2c_unregister_device
    CONFTEST: of_get_named_gpio
    CONFTEST: devm_gpio_request_one
    CONFTEST: gpio_direction_input
    CONFTEST: gpio_direction_output
    CONFTEST: gpio_get_value
    CONFTEST: gpio_set_value
    CONFTEST: gpio_to_irq
    CONFTEST: icc_get
    CONFTEST: icc_put
    CONFTEST: icc_set_bw
    CONFTEST: dma_buf_export_args
    CONFTEST: dma_buf_ops_has_kmap
    CONFTEST: dma_buf_ops_has_kmap_atomic
    CONFTEST: dma_buf_ops_has_map
    CONFTEST: dma_buf_ops_has_map_atomic
    CONFTEST: dma_buf_has_dynamic_attachment
    CONFTEST: dma_buf_attachment_has_peer2peer
    CONFTEST: dma_set_mask_and_coherent
    CONFTEST: devm_clk_bulk_get_all
    CONFTEST: get_task_ioprio
    CONFTEST: mdev_set_iommu_device
    CONFTEST: offline_and_remove_memory
    CONFTEST: crypto_tfm_ctx_aligned
    CONFTEST: module_import_ns_takes_string_literal
    CONFTEST: wait_on_bit_lock_argument_count
    CONFTEST: radix_tree_empty
    CONFTEST: radix_tree_replace_slot
    CONFTEST: pnv_npu2_init_context
    CONFTEST: cpumask_of_node
    CONFTEST: ioasid_get
    CONFTEST: mm_pasid_drop
    CONFTEST: mmget_not_zero
    CONFTEST: mmgrab
    CONFTEST: iommu_sva_bind_device_has_drvdata_arg
    CONFTEST: vm_fault_to_errno
    CONFTEST: find_next_bit_wrap
    CONFTEST: iommu_is_dma_domain
    CONFTEST: folio_test_swapcache
    CONFTEST: acpi_video_backlight_use_native
    CONFTEST: drm_dev_unref
    CONFTEST: drm_reinit_primary_mode_group
    CONFTEST: get_user_pages_remote
    CONFTEST: get_user_pages
    CONFTEST: pin_user_pages_remote
    CONFTEST: pin_user_pages
    CONFTEST: drm_gem_object_lookup
    CONFTEST: drm_atomic_state_ref_counting
    CONFTEST: drm_driver_has_gem_prime_res_obj
    CONFTEST: drm_atomic_helper_connector_dpms
    CONFTEST: drm_connector_funcs_have_mode_in_name
    CONFTEST: drm_connector_has_vrr_capable_property
    CONFTEST: drm_framebuffer_get
    CONFTEST: drm_dev_put
    CONFTEST: drm_format_num_planes
    CONFTEST: drm_connector_for_each_possible_encoder
    CONFTEST: drm_rotation_available
    CONFTEST: drm_vma_offset_exact_lookup_locked
    CONFTEST: nvhost_dma_fence_unpack
    CONFTEST: dma_fence_set_error
    CONFTEST: fence_set_error
    CONFTEST: sync_file_get_fence
    CONFTEST: drm_aperture_remove_conflicting_pci_framebuffers
    CONFTEST: aperture_remove_conflicting_devices
    CONFTEST: aperture_remove_conflicting_pci_devices
    CONFTEST: drm_fbdev_generic_setup
    CONFTEST: drm_fbdev_ttm_setup
    CONFTEST: drm_client_setup
    CONFTEST: drm_connector_attach_hdr_output_metadata_property
    CONFTEST: drm_helper_crtc_enable_color_mgmt
    CONFTEST: drm_crtc_enable_color_mgmt
    CONFTEST: drm_atomic_helper_legacy_gamma_set
    CONFTEST: is_export_symbol_gpl_of_node_to_nid
    CONFTEST: is_export_symbol_gpl_sme_active
    CONFTEST: is_export_symbol_present_swiotlb_map_sg_attrs
    CONFTEST: is_export_symbol_present_swiotlb_dma_ops
    CONFTEST: is_export_symbol_present___close_fd
    CONFTEST: is_export_symbol_present_close_fd
    CONFTEST: is_export_symbol_present_get_unused_fd
    CONFTEST: is_export_symbol_present_get_unused_fd_flags
    CONFTEST: is_export_symbol_present_nvhost_get_default_device
    CONFTEST: is_export_symbol_present_nvhost_syncpt_unit_interface_get_byte_offset
    CONFTEST: is_export_symbol_present_nvhost_syncpt_unit_interface_get_aperture
    CONFTEST: is_export_symbol_present_tegra_dce_register_ipc_client
    CONFTEST: is_export_symbol_present_tegra_dce_unregister_ipc_client
    CONFTEST: is_export_symbol_present_tegra_dce_client_ipc_send_recv
    CONFTEST: is_export_symbol_present_dram_clk_to_mc_clk
    CONFTEST: is_export_symbol_present_get_dram_num_channels
    CONFTEST: is_export_symbol_present_tegra_dram_types
    CONFTEST: is_export_symbol_present_pxm_to_node
    CONFTEST: is_export_symbol_present_screen_info
    CONFTEST: is_export_symbol_gpl_screen_info
    CONFTEST: is_export_symbol_present_i2c_bus_status
    CONFTEST: is_export_symbol_present_tegra_fuse_control_read
    CONFTEST: is_export_symbol_present_tegra_get_platform
    CONFTEST: is_export_symbol_present_pci_find_host_bridge
    CONFTEST: is_export_symbol_present_tsec_comms_send_cmd
    CONFTEST: is_export_symbol_present_tsec_comms_set_init_cb
    CONFTEST: is_export_symbol_present_tsec_comms_clear_init_cb
    CONFTEST: is_export_symbol_present_tsec_comms_alloc_mem_from_gscco
    CONFTEST: is_export_symbol_present_tsec_comms_free_gscco_mem
    CONFTEST: is_export_symbol_present_memory_block_size_bytes
    CONFTEST: crypto
    CONFTEST: crypto_akcipher_verify
    CONFTEST: is_export_symbol_present_follow_pte
    CONFTEST: is_export_symbol_gpl_pci_ats_supported
    CONFTEST: ecc_digits_from_bytes
    CONFTEST: is_export_symbol_present_int_active_memcg
    CONFTEST: is_export_symbol_present_migrate_vma_setup
    CONFTEST: dma_ops
    CONFTEST: swiotlb_dma_ops
    CONFTEST: noncoherent_swiotlb_dma_ops
    CONFTEST: vm_fault_has_address
    CONFTEST: vm_insert_pfn_prot
    CONFTEST: vmf_insert_pfn_prot
    CONFTEST: vm_ops_fault_removed_vma_arg
    CONFTEST: kmem_cache_has_kobj_remove_work
    CONFTEST: sysfs_slab_unlink
    CONFTEST: proc_ops
    CONFTEST: timespec64
    CONFTEST: vmalloc_has_pgprot_t_arg
    CONFTEST: mm_has_mmap_lock
    CONFTEST: pci_channel_state
    CONFTEST: pci_dev_has_ats_enabled
    CONFTEST: remove_memory_has_nid_arg
    CONFTEST: add_memory_driver_managed_has_mhp_flags_arg
    CONFTEST: num_registered_fb
    CONFTEST: pci_driver_has_driver_managed_dma
    CONFTEST: vm_area_struct_has_const_vm_flags
    CONFTEST: memory_failure_has_trapno_arg
    CONFTEST: foll_longterm_present
    CONFTEST: bus_type_has_iommu_ops
    CONFTEST: backing_dev_info
    CONFTEST: mm_context_t
    CONFTEST: vm_fault_t
    CONFTEST: mmu_notifier_ops_invalidate_range
    CONFTEST: mmu_notifier_ops_arch_invalidate_secondary_tlbs
    CONFTEST: migrate_vma_added_flags
    CONFTEST: migrate_device_range
    CONFTEST: handle_mm_fault_has_mm_arg
    CONFTEST: handle_mm_fault_has_pt_regs_arg
    CONFTEST: mempolicy_has_unified_nodes
    CONFTEST: mempolicy_has_home_node
    CONFTEST: mpol_preferred_many_present
    CONFTEST: mmu_interval_notifier
    CONFTEST: drm_bus_present
    CONFTEST: drm_bus_has_bus_type
    CONFTEST: drm_bus_has_get_irq
    CONFTEST: drm_bus_has_get_name
    CONFTEST: drm_driver_has_device_list
    CONFTEST: drm_driver_has_legacy_dev_list
    CONFTEST: drm_driver_has_set_busid
    CONFTEST: drm_crtc_state_has_connectors_changed
    CONFTEST: drm_init_function_args
    CONFTEST: drm_helper_mode_fill_fb_struct
    CONFTEST: drm_master_drop_has_from_release_arg
    CONFTEST: drm_driver_unload_has_int_return_type
    CONFTEST: drm_atomic_helper_crtc_destroy_state_has_crtc_arg
    CONFTEST: drm_atomic_helper_plane_destroy_state_has_plane_arg
    CONFTEST: drm_mode_object_find_has_file_priv_arg
    CONFTEST: dma_buf_owner
    CONFTEST: drm_connector_list_iter
    CONFTEST: drm_atomic_helper_swap_state_has_stall_arg
    CONFTEST: drm_driver_prime_flag_present
    CONFTEST: drm_gem_object_has_resv
    CONFTEST: drm_crtc_state_has_async_flip
    CONFTEST: drm_crtc_state_has_pageflip_flags
    CONFTEST: drm_crtc_state_has_vrr_enabled
    CONFTEST: drm_format_modifiers_present
    CONFTEST: drm_vma_node_is_allowed_has_tag_arg
    CONFTEST: drm_vma_offset_node_has_readonly
    CONFTEST: drm_display_mode_has_vrefresh
    CONFTEST: drm_driver_master_set_has_int_return_type
    CONFTEST: drm_driver_has_gem_free_object
    CONFTEST: drm_prime_pages_to_sg_has_drm_device_arg
    CONFTEST: drm_driver_has_gem_prime_callbacks
    CONFTEST: drm_crtc_atomic_check_has_atomic_state_arg
    CONFTEST: drm_gem_object_vmap_has_map_arg
    CONFTEST: drm_plane_atomic_check_has_atomic_state_arg
    CONFTEST: drm_device_has_pdev
    CONFTEST: drm_crtc_state_has_no_vblank
    CONFTEST: drm_mode_config_has_allow_fb_modifiers
    CONFTEST: drm_has_hdr_output_metadata
    CONFTEST: dma_resv_add_fence
    CONFTEST: dma_resv_reserve_fences
    CONFTEST: reservation_object_reserve_shared_has_num_fences_arg
    CONFTEST: drm_connector_has_override_edid
    CONFTEST: drm_master_has_leases
    CONFTEST: drm_file_get_master
    CONFTEST: drm_modeset_lock_all_end
    CONFTEST: drm_connector_lookup
    CONFTEST: drm_connector_put
    CONFTEST: drm_driver_has_dumb_destroy
    CONFTEST: fence_ops_use_64bit_seqno
    CONFTEST: drm_aperture_remove_conflicting_pci_framebuffers_has_driver_arg
    CONFTEST: drm_mode_create_dp_colorspace_property_has_supported_colorspaces_arg
    CONFTEST: drm_unlocked_ioctl_flag_present
    CONFTEST: drm_output_poll_changed
    CONFTEST: file_operations_fop_unsigned_offset_present
    CONFTEST: dom0_kernel_present
    CONFTEST: nvidia_vgpu_kvm_build
    CONFTEST: nvidia_grid_build
    CONFTEST: nvidia_grid_csp_build
    CONFTEST: pm_runtime_available
    CONFTEST: pci_class_multimedia_hd_audio
    CONFTEST: drm_available
    CONFTEST: vfio_pci_core_available
    CONFTEST: mdev_available
    CONFTEST: cmd_uphy_display_port_init
    CONFTEST: cmd_uphy_display_port_off
    CONFTEST: memory_failure_mf_sw_simulated_defined
    CONFTEST: drm_atomic_available
    CONFTEST: is_export_symbol_gpl_refcount_inc
    CONFTEST: is_export_symbol_gpl_refcount_dec_and_test
    CONFTEST: drm_alpha_blending_available
    CONFTEST: is_export_symbol_present_drm_gem_prime_fd_to_handle
    CONFTEST: is_export_symbol_present_drm_gem_prime_handle_to_fd
    CONFTEST: ib_peer_memory_symbols
     CC [M]  /tmp/selfgz13738/NVIDIA-Linux-x86_64-550.144.03/kernel/nvidia/nv.o
     CC [M]  /tmp/selfgz13738/NVIDIA-Linux-x86_64-550.144.03/kernel/nvidia/nv-pci.o
     CC [M]  /tmp/selfgz13738/NVIDIA-Linux-x86_64-550.144.03/kernel/nvidia/nv-dmabuf.o
     CC [M]  /tmp/selfgz13738/NVIDIA-Linux-x86_64-550.144.03/kernel/nvidia/nv-nano-timer.o
     CC [M]  /tmp/selfgz13738/NVIDIA-Linux-x86_64-550.144.03/kernel/nvidia/nv-acpi.o
     CC [M]  /tmp/selfgz13738/NVIDIA-Linux-x86_64-550.144.03/kernel/nvidia/nv-cray.o
     CC [M]  /tmp/selfgz13738/NVIDIA-Linux-x86_64-550.144.03/kernel/nvidia/nv-dma.o
     CC [M]  /tmp/selfgz13738/NVIDIA-Linux-x86_64-550.144.03/kernel/nvidia/nv-i2c.o
     CC [M]  /tmp/selfgz13738/NVIDIA-Linux-x86_64-550.144.03/kernel/nvidia/nv-mmap.o
     CC [M]  /tmp/selfgz13738/NVIDIA-Linux-x86_64-550.144.03/kernel/nvidia/nv-p2p.o
     CC [M]  /tmp/selfgz13738/NVIDIA-Linux-x86_64-550.144.03/kernel/nvidia/nv-pat.o
     CC [M]  /tmp/selfgz13738/NVIDIA-Linux-x86_64-550.144.03/kernel/nvidia/nv-procfs.o
     CC [M]  /tmp/selfgz13738/NVIDIA-Linux-x86_64-550.144.03/kernel/nvidia/nv-usermap.o
     CC [M]  /tmp/selfgz13738/NVIDIA-Linux-x86_64-550.144.03/kernel/nvidia/nv-vm.o
     CC [M]  /tmp/selfgz13738/NVIDIA-Linux-x86_64-550.144.03/kernel/nvidia/nv-vtophys.o
     CC [M]  /tmp/selfgz13738/NVIDIA-Linux-x86_64-550.144.03/kernel/nvidia/os-interface.o
     CC [M]  /tmp/selfgz13738/NVIDIA-Linux-x86_64-550.144.03/kernel/nvidia/os-mlock.o
     CC [M]  /tmp/selfgz13738/NVIDIA-Linux-x86_64-550.144.03/kernel/nvidia/os-pci.o
     CC [M]  /tmp/selfgz13738/NVIDIA-Linux-x86_64-550.144.03/kernel/nvidia/os-registry.o
     CC [M]  /tmp/selfgz13738/NVIDIA-Linux-x86_64-550.144.03/kernel/nvidia/os-usermap.o
     CC [M]  /tmp/selfgz13738/NVIDIA-Linux-x86_64-550.144.03/kernel/nvidia/nv-modeset-interface.o
     CC [M]  /tmp/selfgz13738/NVIDIA-Linux-x86_64-550.144.03/kernel/nvidia/nv-pci-table.o
     CC [M]  /tmp/selfgz13738/NVIDIA-Linux-x86_64-550.144.03/kernel/nvidia/nv-kthread-q.o
     CC [M]  /tmp/selfgz13738/NVIDIA-Linux-x86_64-550.144.03/kernel/nvidia/nv-memdbg.o
     CC [M]  /tmp/selfgz13738/NVIDIA-Linux-x86_64-550.144.03/kernel/nvidia/nv-ibmnpu.o
     CC [M]  /tmp/selfgz13738/NVIDIA-Linux-x86_64-550.144.03/kernel/nvidia/nv-report-err.o
     CC [M]  /tmp/selfgz13738/NVIDIA-Linux-x86_64-550.144.03/kernel/nvidia/nv-rsync.o
     CC [M]  /tmp/selfgz13738/NVIDIA-Linux-x86_64-550.144.03/kernel/nvidia/nv-msi.o
     CC [M]  /tmp/selfgz13738/NVIDIA-Linux-x86_64-550.144.03/kernel/nvidia/nv-caps.o
     CC [M]  /tmp/selfgz13738/NVIDIA-Linux-x86_64-550.144.03/kernel/nvidia/nv-caps-imex.o
     CC [M]  /tmp/selfgz13738/NVIDIA-Linux-x86_64-550.144.03/kernel/nvidia/nv_uvm_interface.o
     CC [M]  /tmp/selfgz13738/NVIDIA-Linux-x86_64-550.144.03/kernel/nvidia/libspdm_aead.o
     CC [M]  /tmp/selfgz13738/NVIDIA-Linux-x86_64-550.144.03/kernel/nvidia/libspdm_ecc.o
     CC [M]  /tmp/selfgz13738/NVIDIA-Linux-x86_64-550.144.03/kernel/nvidia/libspdm_hkdf.o
     CC [M]  /tmp/selfgz13738/NVIDIA-Linux-x86_64-550.144.03/kernel/nvidia/libspdm_rand.o
     CC [M]  /tmp/selfgz13738/NVIDIA-Linux-x86_64-550.144.03/kernel/nvidia/libspdm_shash.o
     CC [M]  /tmp/selfgz13738/NVIDIA-Linux-x86_64-550.144.03/kernel/nvidia/libspdm_rsa.o
     CC [M]  /tmp/selfgz13738/NVIDIA-Linux-x86_64-550.144.03/kernel/nvidia/libspdm_aead_aes_gcm.o
     CC [M]  /tmp/selfgz13738/NVIDIA-Linux-x86_64-550.144.03/kernel/nvidia/libspdm_sha.o
     CC [M]  /tmp/selfgz13738/NVIDIA-Linux-x86_64-550.144.03/kernel/nvidia/libspdm_hmac_sha.o
     CC [M]  /tmp/selfgz13738/NVIDIA-Linux-x86_64-550.144.03/kernel/nvidia/libspdm_internal_crypt_lib.o
     CC [M]  /tmp/selfgz13738/NVIDIA-Linux-x86_64-550.144.03/kernel/nvidia/libspdm_hkdf_sha.o
     CC [M]  /tmp/selfgz13738/NVIDIA-Linux-x86_64-550.144.03/kernel/nvidia/libspdm_ec.o
     CC [M]  /tmp/selfgz13738/NVIDIA-Linux-x86_64-550.144.03/kernel/nvidia/libspdm_x509.o
     CC [M]  /tmp/selfgz13738/NVIDIA-Linux-x86_64-550.144.03/kernel/nvidia/libspdm_rsa_ext.o
     CC [M]  /tmp/selfgz13738/NVIDIA-Linux-x86_64-550.144.03/kernel/nvidia/nvlink_linux.o
     CC [M]  /tmp/selfgz13738/NVIDIA-Linux-x86_64-550.144.03/kernel/nvidia/nvlink_caps.o
     CC [M]  /tmp/selfgz13738/NVIDIA-Linux-x86_64-550.144.03/kernel/nvidia/linux_nvswitch.o
     CC [M]  /tmp/selfgz13738/NVIDIA-Linux-x86_64-550.144.03/kernel/nvidia/procfs_nvswitch.o
     CC [M]  /tmp/selfgz13738/NVIDIA-Linux-x86_64-550.144.03/kernel/nvidia/i2c_nvswitch.o
     CC [M]  /tmp/selfgz13738/NVIDIA-Linux-x86_64-550.144.03/kernel/nvidia-uvm/uvm_ats_sva.o
     CC [M]  /tmp/selfgz13738/NVIDIA-Linux-x86_64-550.144.03/kernel/nvidia-uvm/uvm_conf_computing.o
     CC [M]  /tmp/selfgz13738/NVIDIA-Linux-x86_64-550.144.03/kernel/nvidia-uvm/uvm_sec2_test.o
     CC [M]  /tmp/selfgz13738/NVIDIA-Linux-x86_64-550.144.03/kernel/nvidia-uvm/uvm_maxwell_sec2.o
     CC [M]  /tmp/selfgz13738/NVIDIA-Linux-x86_64-550.144.03/kernel/nvidia-uvm/uvm_hopper_sec2.o
     CC [M]  /tmp/selfgz13738/NVIDIA-Linux-x86_64-550.144.03/kernel/nvidia-uvm/uvm_common.o
     CC [M]  /tmp/selfgz13738/NVIDIA-Linux-x86_64-550.144.03/kernel/nvidia-uvm/uvm_linux.o
     CC [M]  /tmp/selfgz13738/NVIDIA-Linux-x86_64-550.144.03/kernel/nvidia-uvm/nvstatus.o
     CC [M]  /tmp/selfgz13738/NVIDIA-Linux-x86_64-550.144.03/kernel/nvidia-uvm/nvCpuUuid.o
     CC [M]  /tmp/selfgz13738/NVIDIA-Linux-x86_64-550.144.03/kernel/nvidia-uvm/nv-kthread-q.o
     CC [M]  /tmp/selfgz13738/NVIDIA-Linux-x86_64-550.144.03/kernel/nvidia-uvm/nv-kthread-q-selftest.o
     CC [M]  /tmp/selfgz13738/NVIDIA-Linux-x86_64-550.144.03/kernel/nvidia-uvm/uvm.o
     CC [M]  /tmp/selfgz13738/NVIDIA-Linux-x86_64-550.144.03/kernel/nvidia-uvm/uvm_tools.o
     CC [M]  /tmp/selfgz13738/NVIDIA-Linux-x86_64-550.144.03/kernel/nvidia-uvm/uvm_global.o
     CC [M]  /tmp/selfgz13738/NVIDIA-Linux-x86_64-550.144.03/kernel/nvidia-uvm/uvm_gpu.o
     CC [M]  /tmp/selfgz13738/NVIDIA-Linux-x86_64-550.144.03/kernel/nvidia-uvm/uvm_gpu_isr.o
     CC [M]  /tmp/selfgz13738/NVIDIA-Linux-x86_64-550.144.03/kernel/nvidia-uvm/uvm_procfs.o
     CC [M]  /tmp/selfgz13738/NVIDIA-Linux-x86_64-550.144.03/kernel/nvidia-uvm/uvm_va_space.o
     CC [M]  /tmp/selfgz13738/NVIDIA-Linux-x86_64-550.144.03/kernel/nvidia-uvm/uvm_va_space_mm.o
     CC [M]  /tmp/selfgz13738/NVIDIA-Linux-x86_64-550.144.03/kernel/nvidia-uvm/uvm_gpu_semaphore.o
     CC [M]  /tmp/selfgz13738/NVIDIA-Linux-x86_64-550.144.03/kernel/nvidia-uvm/uvm_mem.o
     CC [M]  /tmp/selfgz13738/NVIDIA-Linux-x86_64-550.144.03/kernel/nvidia-uvm/uvm_rm_mem.o
     CC [M]  /tmp/selfgz13738/NVIDIA-Linux-x86_64-550.144.03/kernel/nvidia-uvm/uvm_channel.o
     CC [M]  /tmp/selfgz13738/NVIDIA-Linux-x86_64-550.144.03/kernel/nvidia-uvm/uvm_lock.o
     CC [M]  /tmp/selfgz13738/NVIDIA-Linux-x86_64-550.144.03/kernel/nvidia-uvm/uvm_hal.o
     CC [M]  /tmp/selfgz13738/NVIDIA-Linux-x86_64-550.144.03/kernel/nvidia-uvm/uvm_processors.o
     CC [M]  /tmp/selfgz13738/NVIDIA-Linux-x86_64-550.144.03/kernel/nvidia-uvm/uvm_range_tree.o
     CC [M]  /tmp/selfgz13738/NVIDIA-Linux-x86_64-550.144.03/kernel/nvidia-uvm/uvm_rb_tree.o
     CC [M]  /tmp/selfgz13738/NVIDIA-Linux-x86_64-550.144.03/kernel/nvidia-uvm/uvm_range_allocator.o
     CC [M]  /tmp/selfgz13738/NVIDIA-Linux-x86_64-550.144.03/kernel/nvidia-uvm/uvm_va_range.o
     CC [M]  /tmp/selfgz13738/NVIDIA-Linux-x86_64-550.144.03/kernel/nvidia-uvm/uvm_va_policy.o
     CC [M]  /tmp/selfgz13738/NVIDIA-Linux-x86_64-550.144.03/kernel/nvidia-uvm/uvm_va_block.o
     CC [M]  /tmp/selfgz13738/NVIDIA-Linux-x86_64-550.144.03/kernel/nvidia-uvm/uvm_range_group.o
     CC [M]  /tmp/selfgz13738/NVIDIA-Linux-x86_64-550.144.03/kernel/nvidia-uvm/uvm_gpu_replayable_faults.o
     CC [M]  /tmp/selfgz13738/NVIDIA-Linux-x86_64-550.144.03/kernel/nvidia-uvm/uvm_gpu_non_replayable_faults.o
     CC [M]  /tmp/selfgz13738/NVIDIA-Linux-x86_64-550.144.03/kernel/nvidia-uvm/uvm_gpu_access_counters.o
     CC [M]  /tmp/selfgz13738/NVIDIA-Linux-x86_64-550.144.03/kernel/nvidia-uvm/uvm_perf_events.o
     CC [M]  /tmp/selfgz13738/NVIDIA-Linux-x86_64-550.144.03/kernel/nvidia-uvm/uvm_perf_module.o
     CC [M]  /tmp/selfgz13738/NVIDIA-Linux-x86_64-550.144.03/kernel/nvidia-uvm/uvm_mmu.o
     CC [M]  /tmp/selfgz13738/NVIDIA-Linux-x86_64-550.144.03/kernel/nvidia-uvm/uvm_pte_batch.o
     CC [M]  /tmp/selfgz13738/NVIDIA-Linux-x86_64-550.144.03/kernel/nvidia-uvm/uvm_tlb_batch.o
     CC [M]  /tmp/selfgz13738/NVIDIA-Linux-x86_64-550.144.03/kernel/nvidia-uvm/uvm_push.o
     CC [M]  /tmp/selfgz13738/NVIDIA-Linux-x86_64-550.144.03/kernel/nvidia-uvm/uvm_pushbuffer.o
     CC [M]  /tmp/selfgz13738/NVIDIA-Linux-x86_64-550.144.03/kernel/nvidia-uvm/uvm_thread_context.o
     CC [M]  /tmp/selfgz13738/NVIDIA-Linux-x86_64-550.144.03/kernel/nvidia-uvm/uvm_tracker.o
     CC [M]  /tmp/selfgz13738/NVIDIA-Linux-x86_64-550.144.03/kernel/nvidia-uvm/uvm_maxwell.o
     CC [M]  /tmp/selfgz13738/NVIDIA-Linux-x86_64-550.144.03/kernel/nvidia-uvm/uvm_maxwell_host.o
     CC [M]  /tmp/selfgz13738/NVIDIA-Linux-x86_64-550.144.03/kernel/nvidia-uvm/uvm_maxwell_ce.o
     CC [M]  /tmp/selfgz13738/NVIDIA-Linux-x86_64-550.144.03/kernel/nvidia-uvm/uvm_maxwell_mmu.o
     CC [M]  /tmp/selfgz13738/NVIDIA-Linux-x86_64-550.144.03/kernel/nvidia-uvm/uvm_maxwell_fault_buffer.o
     CC [M]  /tmp/selfgz13738/NVIDIA-Linux-x86_64-550.144.03/kernel/nvidia-uvm/uvm_maxwell_access_counter_buffer.o
     CC [M]  /tmp/selfgz13738/NVIDIA-Linux-x86_64-550.144.03/kernel/nvidia-uvm/uvm_pascal.o
     CC [M]  /tmp/selfgz13738/NVIDIA-Linux-x86_64-550.144.03/kernel/nvidia-uvm/uvm_pascal_ce.o
     CC [M]  /tmp/selfgz13738/NVIDIA-Linux-x86_64-550.144.03/kernel/nvidia-uvm/uvm_pascal_host.o
     CC [M]  /tmp/selfgz13738/NVIDIA-Linux-x86_64-550.144.03/kernel/nvidia-uvm/uvm_pascal_mmu.o
     CC [M]  /tmp/selfgz13738/NVIDIA-Linux-x86_64-550.144.03/kernel/nvidia-uvm/uvm_pascal_fault_buffer.o
     CC [M]  /tmp/selfgz13738/NVIDIA-Linux-x86_64-550.144.03/kernel/nvidia-uvm/uvm_volta_ce.o
     CC [M]  /tmp/selfgz13738/NVIDIA-Linux-x86_64-550.144.03/kernel/nvidia-uvm/uvm_volta_host.o
     CC [M]  /tmp/selfgz13738/NVIDIA-Linux-x86_64-550.144.03/kernel/nvidia-uvm/uvm_volta_mmu.o
     CC [M]  /tmp/selfgz13738/NVIDIA-Linux-x86_64-550.144.03/kernel/nvidia-uvm/uvm_volta.o
     CC [M]  /tmp/selfgz13738/NVIDIA-Linux-x86_64-550.144.03/kernel/nvidia-uvm/uvm_volta_fault_buffer.o
     CC [M]  /tmp/selfgz13738/NVIDIA-Linux-x86_64-550.144.03/kernel/nvidia-uvm/uvm_volta_access_counter_buffer.o
     CC [M]  /tmp/selfgz13738/NVIDIA-Linux-x86_64-550.144.03/kernel/nvidia-uvm/uvm_turing.o
     CC [M]  /tmp/selfgz13738/NVIDIA-Linux-x86_64-550.144.03/kernel/nvidia-uvm/uvm_turing_access_counter_buffer.o
     CC [M]  /tmp/selfgz13738/NVIDIA-Linux-x86_64-550.144.03/kernel/nvidia-uvm/uvm_turing_fault_buffer.o
     CC [M]  /tmp/selfgz13738/NVIDIA-Linux-x86_64-550.144.03/kernel/nvidia-uvm/uvm_turing_mmu.o
     CC [M]  /tmp/selfgz13738/NVIDIA-Linux-x86_64-550.144.03/kernel/nvidia-uvm/uvm_turing_host.o
     CC [M]  /tmp/selfgz13738/NVIDIA-Linux-x86_64-550.144.03/kernel/nvidia-uvm/uvm_ampere.o
     CC [M]  /tmp/selfgz13738/NVIDIA-Linux-x86_64-550.144.03/kernel/nvidia-uvm/uvm_ampere_ce.o
     CC [M]  /tmp/selfgz13738/NVIDIA-Linux-x86_64-550.144.03/kernel/nvidia-uvm/uvm_ampere_host.o
     CC [M]  /tmp/selfgz13738/NVIDIA-Linux-x86_64-550.144.03/kernel/nvidia-uvm/uvm_ampere_mmu.o
     CC [M]  /tmp/selfgz13738/NVIDIA-Linux-x86_64-550.144.03/kernel/nvidia-uvm/uvm_hopper.o
     CC [M]  /tmp/selfgz13738/NVIDIA-Linux-x86_64-550.144.03/kernel/nvidia-uvm/uvm_hopper_fault_buffer.o
     CC [M]  /tmp/selfgz13738/NVIDIA-Linux-x86_64-550.144.03/kernel/nvidia-uvm/uvm_hopper_ce.o
     CC [M]  /tmp/selfgz13738/NVIDIA-Linux-x86_64-550.144.03/kernel/nvidia-uvm/uvm_hopper_host.o
     CC [M]  /tmp/selfgz13738/NVIDIA-Linux-x86_64-550.144.03/kernel/nvidia-uvm/uvm_hopper_mmu.o
     CC [M]  /tmp/selfgz13738/NVIDIA-Linux-x86_64-550.144.03/kernel/nvidia-uvm/uvm_ada.o
     CC [M]  /tmp/selfgz13738/NVIDIA-Linux-x86_64-550.144.03/kernel/nvidia-uvm/uvm_policy.o
     CC [M]  /tmp/selfgz13738/NVIDIA-Linux-x86_64-550.144.03/kernel/nvidia-uvm/uvm_perf_utils.o
     CC [M]  /tmp/selfgz13738/NVIDIA-Linux-x86_64-550.144.03/kernel/nvidia-uvm/uvm_kvmalloc.o
     CC [M]  /tmp/selfgz13738/NVIDIA-Linux-x86_64-550.144.03/kernel/nvidia-uvm/uvm_pmm_sysmem.o
     CC [M]  /tmp/selfgz13738/NVIDIA-Linux-x86_64-550.144.03/kernel/nvidia-uvm/uvm_pmm_gpu.o
     CC [M]  /tmp/selfgz13738/NVIDIA-Linux-x86_64-550.144.03/kernel/nvidia-uvm/uvm_migrate.o
     CC [M]  /tmp/selfgz13738/NVIDIA-Linux-x86_64-550.144.03/kernel/nvidia-uvm/uvm_populate_pageable.o
     CC [M]  /tmp/selfgz13738/NVIDIA-Linux-x86_64-550.144.03/kernel/nvidia-uvm/uvm_migrate_pageable.o
     CC [M]  /tmp/selfgz13738/NVIDIA-Linux-x86_64-550.144.03/kernel/nvidia-uvm/uvm_map_external.o
     CC [M]  /tmp/selfgz13738/NVIDIA-Linux-x86_64-550.144.03/kernel/nvidia-uvm/uvm_user_channel.o
     CC [M]  /tmp/selfgz13738/NVIDIA-Linux-x86_64-550.144.03/kernel/nvidia-uvm/uvm_hmm.o
     CC [M]  /tmp/selfgz13738/NVIDIA-Linux-x86_64-550.144.03/kernel/nvidia-uvm/uvm_perf_heuristics.o
     CC [M]  /tmp/selfgz13738/NVIDIA-Linux-x86_64-550.144.03/kernel/nvidia-uvm/uvm_perf_thrashing.o
     CC [M]  /tmp/selfgz13738/NVIDIA-Linux-x86_64-550.144.03/kernel/nvidia-uvm/uvm_perf_prefetch.o
     CC [M]  /tmp/selfgz13738/NVIDIA-Linux-x86_64-550.144.03/kernel/nvidia-uvm/uvm_ats.o
     CC [M]  /tmp/selfgz13738/NVIDIA-Linux-x86_64-550.144.03/kernel/nvidia-uvm/uvm_ats_ibm.o
     CC [M]  /tmp/selfgz13738/NVIDIA-Linux-x86_64-550.144.03/kernel/nvidia-uvm/uvm_ats_faults.o
     CC [M]  /tmp/selfgz13738/NVIDIA-Linux-x86_64-550.144.03/kernel/nvidia-uvm/uvm_test.o
     CC [M]  /tmp/selfgz13738/NVIDIA-Linux-x86_64-550.144.03/kernel/nvidia-uvm/uvm_test_rng.o
     CC [M]  /tmp/selfgz13738/NVIDIA-Linux-x86_64-550.144.03/kernel/nvidia-uvm/uvm_range_tree_test.o
     CC [M]  /tmp/selfgz13738/NVIDIA-Linux-x86_64-550.144.03/kernel/nvidia-uvm/uvm_range_allocator_test.o
     CC [M]  /tmp/selfgz13738/NVIDIA-Linux-x86_64-550.144.03/kernel/nvidia-uvm/uvm_gpu_semaphore_test.o
     CC [M]  /tmp/selfgz13738/NVIDIA-Linux-x86_64-550.144.03/kernel/nvidia-uvm/uvm_mem_test.o
     CC [M]  /tmp/selfgz13738/NVIDIA-Linux-x86_64-550.144.03/kernel/nvidia-uvm/uvm_rm_mem_test.o
     CC [M]  /tmp/selfgz13738/NVIDIA-Linux-x86_64-550.144.03/kernel/nvidia-uvm/uvm_page_tree_test.o
     CC [M]  /tmp/selfgz13738/NVIDIA-Linux-x86_64-550.144.03/kernel/nvidia-uvm/uvm_tracker_test.o
     CC [M]  /tmp/selfgz13738/NVIDIA-Linux-x86_64-550.144.03/kernel/nvidia-uvm/uvm_push_test.o
     CC [M]  /tmp/selfgz13738/NVIDIA-Linux-x86_64-550.144.03/kernel/nvidia-uvm/uvm_channel_test.o
     CC [M]  /tmp/selfgz13738/NVIDIA-Linux-x86_64-550.144.03/kernel/nvidia-uvm/uvm_ce_test.o
     CC [M]  /tmp/selfgz13738/NVIDIA-Linux-x86_64-550.144.03/kernel/nvidia-uvm/uvm_host_test.o
     CC [M]  /tmp/selfgz13738/NVIDIA-Linux-x86_64-550.144.03/kernel/nvidia-uvm/uvm_lock_test.o
     CC [M]  /tmp/selfgz13738/NVIDIA-Linux-x86_64-550.144.03/kernel/nvidia-uvm/uvm_perf_utils_test.o
     CC [M]  /tmp/selfgz13738/NVIDIA-Linux-x86_64-550.144.03/kernel/nvidia-uvm/uvm_kvmalloc_test.o
     CC [M]  /tmp/selfgz13738/NVIDIA-Linux-x86_64-550.144.03/kernel/nvidia-uvm/uvm_pmm_test.o
     CC [M]  /tmp/selfgz13738/NVIDIA-Linux-x86_64-550.144.03/kernel/nvidia-uvm/uvm_pmm_sysmem_test.o
     CC [M]  /tmp/selfgz13738/NVIDIA-Linux-x86_64-550.144.03/kernel/nvidia-uvm/uvm_perf_events_test.o
     CC [M]  /tmp/selfgz13738/NVIDIA-Linux-x86_64-550.144.03/kernel/nvidia-uvm/uvm_perf_module_test.o
     CC [M]  /tmp/selfgz13738/NVIDIA-Linux-x86_64-550.144.03/kernel/nvidia-uvm/uvm_get_rm_ptes_test.o
     CC [M]  /tmp/selfgz13738/NVIDIA-Linux-x86_64-550.144.03/kernel/nvidia-uvm/uvm_fault_buffer_flush_test.o
     CC [M]  /tmp/selfgz13738/NVIDIA-Linux-x86_64-550.144.03/kernel/nvidia-uvm/uvm_peer_identity_mappings_test.o
     CC [M]  /tmp/selfgz13738/NVIDIA-Linux-x86_64-550.144.03/kernel/nvidia-uvm/uvm_va_block_test.o
     CC [M]  /tmp/selfgz13738/NVIDIA-Linux-x86_64-550.144.03/kernel/nvidia-uvm/uvm_range_group_tree_test.o
     CC [M]  /tmp/selfgz13738/NVIDIA-Linux-x86_64-550.144.03/kernel/nvidia-uvm/uvm_thread_context_test.o
     CC [M]  /tmp/selfgz13738/NVIDIA-Linux-x86_64-550.144.03/kernel/nvidia-uvm/uvm_rb_tree_test.o
     CC [M]  /tmp/selfgz13738/NVIDIA-Linux-x86_64-550.144.03/kernel/nvidia-modeset/nvidia-modeset-linux.o
     CC [M]  /tmp/selfgz13738/NVIDIA-Linux-x86_64-550.144.03/kernel/nvidia-modeset/nv-kthread-q.o
     CC [M]  /tmp/selfgz13738/NVIDIA-Linux-x86_64-550.144.03/kernel/nvidia-drm/nvidia-drm.o
     CC [M]  /tmp/selfgz13738/NVIDIA-Linux-x86_64-550.144.03/kernel/nvidia-drm/nvidia-drm-drv.o
     CC [M]  /tmp/selfgz13738/NVIDIA-Linux-x86_64-550.144.03/kernel/nvidia-drm/nvidia-drm-utils.o
     CC [M]  /tmp/selfgz13738/NVIDIA-Linux-x86_64-550.144.03/kernel/nvidia-drm/nvidia-drm-crtc.o
     CC [M]  /tmp/selfgz13738/NVIDIA-Linux-x86_64-550.144.03/kernel/nvidia-drm/nvidia-drm-encoder.o
     CC [M]  /tmp/selfgz13738/NVIDIA-Linux-x86_64-550.144.03/kernel/nvidia-drm/nvidia-drm-connector.o
     CC [M]  /tmp/selfgz13738/NVIDIA-Linux-x86_64-550.144.03/kernel/nvidia-drm/nvidia-drm-gem.o
     CC [M]  /tmp/selfgz13738/NVIDIA-Linux-x86_64-550.144.03/kernel/nvidia-drm/nvidia-drm-fb.o
     CC [M]  /tmp/selfgz13738/NVIDIA-Linux-x86_64-550.144.03/kernel/nvidia-drm/nvidia-drm-modeset.o
     CC [M]  /tmp/selfgz13738/NVIDIA-Linux-x86_64-550.144.03/kernel/nvidia-drm/nvidia-drm-fence.o
     CC [M]  /tmp/selfgz13738/NVIDIA-Linux-x86_64-550.144.03/kernel/nvidia-drm/nvidia-drm-helper.o
     CC [M]  /tmp/selfgz13738/NVIDIA-Linux-x86_64-550.144.03/kernel/nvidia-drm/nv-kthread-q.o
     CC [M]  /tmp/selfgz13738/NVIDIA-Linux-x86_64-550.144.03/kernel/nvidia-drm/nv-pci-table.o
     CC [M]  /tmp/selfgz13738/NVIDIA-Linux-x86_64-550.144.03/kernel/nvidia-drm/nvidia-drm-gem-nvkms-memory.o
     CC [M]  /tmp/selfgz13738/NVIDIA-Linux-x86_64-550.144.03/kernel/nvidia-drm/nvidia-drm-gem-user-memory.o
     CC [M]  /tmp/selfgz13738/NVIDIA-Linux-x86_64-550.144.03/kernel/nvidia-drm/nvidia-drm-gem-dma-buf.o
     CC [M]  /tmp/selfgz13738/NVIDIA-Linux-x86_64-550.144.03/kernel/nvidia-drm/nvidia-drm-format.o
     CC [M]  /tmp/selfgz13738/NVIDIA-Linux-x86_64-550.144.03/kernel/nvidia-drm/nvidia-drm-os-interface.o
     CC [M]  /tmp/selfgz13738/NVIDIA-Linux-x86_64-550.144.03/kernel/nvidia-drm/nvidia-drm-linux.o
   /tmp/selfgz13738/NVIDIA-Linux-x86_64-550.144.03/kernel/nvidia-drm/nvidia-drm-drv.c: In function 'nv_drm_register_drm_device':
   /tmp/selfgz13738/NVIDIA-Linux-x86_64-550.144.03/kernel/nvidia-drm/nvidia-drm-drv.c:1817:5: warning: ISO C90 forbids mixed declarations and code [-Wdeclaration-after-statement]
    1817 |     bool bus_is_pci =
         |     ^~~~
     CC [M]  /tmp/selfgz13738/NVIDIA-Linux-x86_64-550.144.03/kernel/nvidia-peermem/nvidia-peermem.o
     LD [M]  /tmp/selfgz13738/NVIDIA-Linux-x86_64-550.144.03/kernel/nvidia.o
   ld -r -o /tmp/selfgz13738/NVIDIA-Linux-x86_64-550.144.03/kernel/nvidia/nv-interface.o /tmp/selfgz13738/NVIDIA-Linux-x86_64-550.144.03/kernel/nvidia/nv.o /tmp/selfgz13738/NVIDIA-Linux-x86_64-550.144.03/kernel/nvidia/nv-pci.o /tmp/selfgz13738/NVIDIA-Linux-x86_64-550.144.03/kernel/nvidia/nv-dmabuf.o /tmp/selfgz13738/NVIDIA-Linux-x86_64-550.144.03/kernel/nvidia/nv-nano-timer.o /tmp/selfgz13738/NVIDIA-Linux-x86_64-550.144.03/kernel/nvidia/nv-acpi.o /tmp/selfgz1
   3738/NVIDIA-Linux-x86_64-550.144.03/kernel/nvidia/nv-cray.o /tmp/selfgz13738/NVIDIA-Linux-x86_64-550.144.03/kernel/nvidia/nv-dma.o /tmp/selfgz13738/NVIDIA-Linux-x86_64-550.144.03/kernel/nvidia/nv-i2c.o /tmp/selfgz13738/NVIDIA-Linux-x86_64-550.144.03/kernel/nvidia/nv-mmap.o /tmp/selfgz13738/NVIDIA-Linux-x86_64-550.144.03/kernel/nvidia/nv-p2p.o /tmp/selfgz13738/NVIDIA-Linux-x86_64-550.144.03/kernel/nvidia/nv-pat.o /tmp/selfgz13738/NVIDIA-Linux-x86_64-550.144.03/kernel/nvidia/nv-procfs.o /tmp/selfgz13738/NVIDIA-Linux-x86_64-550.144.03/kernel/nvidia/nv-usermap.o /tmp/selfgz13738/NVIDIA-Linux-x86_64-550.144.03/kernel/nvidia/nv-vm.o /tmp/selfgz13738/NVIDIA-Linux-x86_64-550.144.03/kernel/nvidia/nv-vtophys.o /tmp/selfgz13738/NVIDIA-Linux-x86_64-550.144.03/kernel/nvidia/os-interface.o /tmp/selfgz13738/NVIDIA-Linux-x86_64-550.144.03/kernel/nvidia/os-mlock.o /tmp/selfgz13738/NVIDIA-Linux-x86_64-550.144.03/kernel/nvidia/os-pci.o /tmp/selfgz13738/NVIDIA-Linux-x86_64-550.144.03/kernel/nvidia/os-registry.o /tmp/selfgz13738/
   NVIDIA-Linux-x86_64-550.144.03/kernel/nvidia/os-usermap.o /tmp/selfgz13738/NVIDIA-Linux-x86_64-550.144.03/kernel/nvidia/nv-modeset-interface.o /tmp/selfgz13738/NVIDIA-Linux-x86_64-550.144.03/kernel/nvidia/nv-pci-table.o /tmp/selfgz13738/NVIDIA-Linux-x86_64-550.144.03/kernel/nvidia/nv-kthread-q.o /tmp/selfgz13738/NVIDIA-Linux-x86_64-550.144.03/kernel/nvidia/nv-memdbg.o /tmp/selfgz13738/NVIDIA-Linux-x86_64-550.144.03/kernel/nvidia/nv-ibmnpu.o /tmp/selfgz13738/NVIDIA-Linux-x86_64-550.144.03/kernel/nvidia/nv-report-err.o /tmp/selfgz13738/NVIDIA-Linux-x86_64-550.144.03/kernel/nvidia/nv-rsync.o /tmp/selfgz13738/NVIDIA-Linux-x86_64-550.144.03/kernel/nvidia/nv-msi.o /tmp/selfgz13738/NVIDIA-Linux-x86_64-550.144.03/kernel/nvidia/nv-caps.o /tmp/selfgz13738/NVIDIA-Linux-x86_64-550.144.03/kernel/nvidia/nv-caps-imex.o /tmp/selfgz13738/NVIDIA-Linux-x86_64-550.144.03/kernel/nvidia/nv_uvm_interface.o /tmp/selfgz13738/NVIDIA-Linux-x86_64-550.144.03/kernel/nvidia/libspdm_aead.o /tmp/selfgz13738/NVIDIA-Linux-x86_64-550.144.03/ke
   rnel/nvidia/libspdm_ecc.o /tmp/selfgz13738/NVIDIA-Linux-x86_64-550.144.03/kernel/nvidia/libspdm_hkdf.o /tmp/selfgz13738/NVIDIA-Linux-x86_64-550.144.03/kernel/nvidia/libspdm_rand.o /tmp/selfgz13738/NVIDIA-Linux-x86_64-550.144.03/kernel/nvidia/libspdm_shash.o /tmp/selfgz13738/NVIDIA-Linux-x86_64-550.144.03/kernel/nvidia/libspdm_rsa.o /tmp/selfgz13738/NVIDIA-Linux-x86_64-550.144.03/kernel/nvidia/libspdm_aead_aes_gcm.o /tmp/selfgz13738/NVIDIA-Linux-x86_64-550.144.03/kernel/nvidia/libspdm_sha.o /tmp/selfgz13738/NVIDIA-Linux-x86_64-550.144.03/kernel/nvidia/libspdm_hmac_sha.o /tmp/selfgz13738/NVIDIA-Linux-x86_64-550.144.03/kernel/nvidia/libspdm_internal_crypt_lib.o /tmp/selfgz13738/NVIDIA-Linux-x86_64-550.144.03/kernel/nvidia/libspdm_hkdf_sha.o /tmp/selfgz13738/NVIDIA-Linux-x86_64-550.144.03/kernel/nvidia/libspdm_ec.o /tmp/selfgz13738/NVIDIA-Linux-x86_64-550.144.03/kernel/nvidia/libspdm_x509.o /tmp/selfgz13738/NVIDIA-Linux-x86_64-550.144.03/kernel/nvidia/libspdm_rsa_ext.o /tmp/selfgz13738/NVIDIA-Linux-x86_64-550.144
   .03/kernel/nvidia/nvlink_linux.o /tmp/selfgz13738/NVIDIA-Linux-x86_64-550.144.03/kernel/nvidia/nvlink_caps.o /tmp/selfgz13738/NVIDIA-Linux-x86_64-550.144.03/kernel/nvidia/linux_nvswitch.o /tmp/selfgz13738/NVIDIA-Linux-x86_64-550.144.03/kernel/nvidia/procfs_nvswitch.o /tmp/selfgz13738/NVIDIA-Linux-x86_64-550.144.03/kernel/nvidia/i2c_nvswitch.o
     LD [M]  /tmp/selfgz13738/NVIDIA-Linux-x86_64-550.144.03/kernel/nvidia-peermem.o
     LD [M]  /tmp/selfgz13738/NVIDIA-Linux-x86_64-550.144.03/kernel/nvidia-drm.o
   ld -r -o /tmp/selfgz13738/NVIDIA-Linux-x86_64-550.144.03/kernel/nvidia-modeset/nv-modeset-interface.o /tmp/selfgz13738/NVIDIA-Linux-x86_64-550.144.03/kernel/nvidia-modeset/nvidia-modeset-linux.o /tmp/selfgz13738/NVIDIA-Linux-x86_64-550.144.03/kernel/nvidia-modeset/nv-kthread-q.o
     LD [M]  /tmp/selfgz13738/NVIDIA-Linux-x86_64-550.144.03/kernel/nvidia-modeset.o
     LD [M]  /tmp/selfgz13738/NVIDIA-Linux-x86_64-550.144.03/kernel/nvidia-uvm.o
     MODPOST /tmp/selfgz13738/NVIDIA-Linux-x86_64-550.144.03/kernel/Module.symvers
     CC [M]  /tmp/selfgz13738/NVIDIA-Linux-x86_64-550.144.03/kernel/nvidia-drm.mod.o
     CC [M]  /tmp/selfgz13738/NVIDIA-Linux-x86_64-550.144.03/kernel/nvidia-modeset.mod.o
     CC [M]  /tmp/selfgz13738/NVIDIA-Linux-x86_64-550.144.03/kernel/nvidia-peermem.mod.o
     CC [M]  /tmp/selfgz13738/NVIDIA-Linux-x86_64-550.144.03/kernel/nvidia-uvm.mod.o
     CC [M]  /tmp/selfgz13738/NVIDIA-Linux-x86_64-550.144.03/kernel/nvidia.mod.o
     LD [M]  /tmp/selfgz13738/NVIDIA-Linux-x86_64-550.144.03/kernel/nvidia-peermem.ko
     LD [M]  /tmp/selfgz13738/NVIDIA-Linux-x86_64-550.144.03/kernel/nvidia-modeset.ko
     LD [M]  /tmp/selfgz13738/NVIDIA-Linux-x86_64-550.144.03/kernel/nvidia-drm.ko
     LD [M]  /tmp/selfgz13738/NVIDIA-Linux-x86_64-550.144.03/kernel/nvidia-uvm.ko
     LD [M]  /tmp/selfgz13738/NVIDIA-Linux-x86_64-550.144.03/kernel/nvidia.ko
     BTF [M] /tmp/selfgz13738/NVIDIA-Linux-x86_64-550.144.03/kernel/nvidia-peermem.ko
   Skipping BTF generation for /tmp/selfgz13738/NVIDIA-Linux-x86_64-550.144.03/kernel/nvidia-peermem.ko due to unavailability of vmlinux
     BTF [M] /tmp/selfgz13738/NVIDIA-Linux-x86_64-550.144.03/kernel/nvidia-modeset.ko
   Skipping BTF generation for /tmp/selfgz13738/NVIDIA-Linux-x86_64-550.144.03/kernel/nvidia-modeset.ko due to unavailability of vmlinux
     BTF [M] /tmp/selfgz13738/NVIDIA-Linux-x86_64-550.144.03/kernel/nvidia-drm.ko
   Skipping BTF generation for /tmp/selfgz13738/NVIDIA-Linux-x86_64-550.144.03/kernel/nvidia-drm.ko due to unavailability of vmlinux
     BTF [M] /tmp/selfgz13738/NVIDIA-Linux-x86_64-550.144.03/kernel/nvidia-uvm.ko
   Skipping BTF generation for /tmp/selfgz13738/NVIDIA-Linux-x86_64-550.144.03/kernel/nvidia-uvm.ko due to unavailability of vmlinux
     BTF [M] /tmp/selfgz13738/NVIDIA-Linux-x86_64-550.144.03/kernel/nvidia.ko
   Skipping BTF generation for /tmp/selfgz13738/NVIDIA-Linux-x86_64-550.144.03/kernel/nvidia.ko due to unavailability of vmlinux
   make[1]: Leaving directory '/usr/src/linux-headers-5.15.0-136-generic'
-> done.
-> Kernel module compilation complete.
-> Kernel messages:
[  469.153599] [drm] [nvidia-drm] [GPU ID 0x00005a00] Loading driver
[  469.153599] [drm] Initialized nvidia-drm 0.0.0 20160202 for 0000:5a:00.0 on minor 4
[  469.153698] [drm] [nvidia-drm] [GPU ID 0x00008700] Loading driver
[  469.153698] [drm] Initialized nvidia-drm 0.0.0 20160202 for 0000:87:00.0 on minor 5
[  469.153774] [drm] [nvidia-drm] [GPU ID 0x0000ae00] Loading driver
[  469.153775] [drm] Initialized nvidia-drm 0.0.0 20160202 for 0000:ae:00.0 on minor 6
[  469.153837] [drm] [nvidia-drm] [GPU ID 0x0000c200] Loading driver
[  469.153838] [drm] Initialized nvidia-drm 0.0.0 20160202 for 0000:c2:00.0 on minor 7
[  469.153898] [drm] [nvidia-drm] [GPU ID 0x0000d700] Loading driver
[  469.153898] [drm] Initialized nvidia-drm 0.0.0 20160202 for 0000:d7:00.0 on minor 8
[  469.157143] [drm] [nvidia-drm] [GPU ID 0x0000d700] Unloading driver
[  469.157338] [drm] [nvidia-drm] [GPU ID 0x0000c200] Unloading driver
[  469.157451] [drm] [nvidia-drm] [GPU ID 0x0000ae00] Unloading driver
[  469.157532] [drm] [nvidia-drm] [GPU ID 0x00008700] Unloading driver
[  469.157610] [drm] [nvidia-drm] [GPU ID 0x00005a00] Unloading driver
[  469.157691] [drm] [nvidia-drm] [GPU ID 0x00004800] Unloading driver
[  469.157771] [drm] [nvidia-drm] [GPU ID 0x00003400] Unloading driver
[  469.157846] [drm] [nvidia-drm] [GPU ID 0x00000f00] Unloading driver
[  469.221705] nvidia-modeset: Unloading
[  469.274076] nvidia-uvm: Unloaded the UVM driver.
[  469.327307] nvidia-nvswitch3: removing device 0000:06:00.0
[  469.827940] nvidia-nvswitch2: removing device 0000:05:00.0
[  470.379360] nvidia-nvswitch1: removing device 0000:04:00.0
[  470.933012] nvidia-nvswitch0: removing device 0000:03:00.0
[  471.452591] nvidia-nvlink: Unregistered Nvlink Core, major device number 499
WARNING: nvidia-installer was forced to guess the X library path '/usr/lib' and X module path '/usr/lib/xorg/modules'; these paths were not queryable from the system.  If X fails to find the NVIDIA X driver module, please install the `pkg-config` utility and the X.Org SDK/development package for your distribution and reinstall the driver.
-> Install NVIDIA's 32-bit compatibility libraries? (Answer: Yes)
WARNING: This NVIDIA driver package includes Vulkan components, but no Vulkan ICD loader was detected on this system. The NVIDIA Vulkan ICD will not function without the loader. Most distributions package the Vulkan loader; try installing the "vulkan-loader", "vulkan-icd-loader", or "libvulkan1" package.
-> Would you like to register the kernel module sources with DKMS? This will allow DKMS to automatically build a new module, if your kernel changes later. (Answer: Yes)
-> Registering the kernel modules with DKMS:
-> done.
Looking for install checker script at ./libglvnd_install_checker/check-libglvnd-install.sh
   executing: '/bin/sh ./libglvnd_install_checker/check-libglvnd-install.sh'...
   Found libglvnd libraries: libGLX.so.0 libGL.so.1
   Found non-libglvnd libraries:
   Missing libraries: libEGL.so.1
   libglvnd appears to be installed.
Will not install libglvnd libraries.
-> Skipping GLVND file: "libOpenGL.so.0"
-> Skipping GLVND file: "libOpenGL.so"
-> Skipping GLVND file: "libGLESv1_CM.so.1.2.0"
-> Skipping GLVND file: "libGLESv1_CM.so.1"
-> Skipping GLVND file: "libGLESv1_CM.so"
-> Skipping GLVND file: "libGLESv2.so.2.1.0"
-> Skipping GLVND file: "libGLESv2.so.2"
-> Skipping GLVND file: "libGLESv2.so"
-> Skipping GLVND file: "libGLdispatch.so.0"
-> Skipping GLVND file: "libGLX.so.0"
-> Skipping GLVND file: "libGLX.so"
-> Skipping GLVND file: "libGL.so.1.7.0"
-> Skipping GLVND file: "libGL.so.1"
-> Skipping GLVND file: "libGL.so"
-> Skipping GLVND file: "libEGL.so.1.1.0"
-> Skipping GLVND file: "libEGL.so.1"
-> Skipping GLVND file: "libEGL.so"
-> Skipping GLVND file: "./32/libOpenGL.so.0"
-> Skipping GLVND file: "libOpenGL.so"
-> Skipping GLVND file: "./32/libGLdispatch.so.0"
-> Skipping GLVND file: "./32/libGLESv2.so.2.1.0"
-> Skipping GLVND file: "libGLESv2.so.2"
-> Skipping GLVND file: "libGLESv2.so"
-> Skipping GLVND file: "./32/libGLESv1_CM.so.1.2.0"
-> Skipping GLVND file: "libGLESv1_CM.so.1"
-> Skipping GLVND file: "libGLESv1_CM.so"
-> Skipping GLVND file: "./32/libGL.so.1.7.0"
-> Skipping GLVND file: "libGL.so.1"
-> Skipping GLVND file: "libGL.so"
-> Skipping GLVND file: "./32/libGLX.so.0"
-> Skipping GLVND file: "libGLX.so"
-> Skipping GLVND file: "./32/libEGL.so.1.1.0"
-> Skipping GLVND file: "libEGL.so.1"
-> Skipping GLVND file: "libEGL.so"
WARNING: Unable to determine the path to install the libglvnd EGL vendor library config files. Check that you have pkg-config and the libglvnd development libraries installed, or specify a path with --glvnd-egl-config-path.
Will install libEGL vendor library config file to /usr/share/glvnd/egl_vendor.d
-> Searching for conflicting files:
-> done.
-> Installing 'NVIDIA Accelerated Graphics Driver for Linux-x86_64' (550.144.03):
-> The initramfs will likely need to be rebuilt due to the following condition(s):
  * Nouveau is present in the initramfs.

Would you like to rebuild the initramfs? (Answer: Rebuild initramfs)
-> /sbin/update-initramfs requires a file path argument, but none was given.
-> Executing: /sbin/update-initramfs -u  
   executing: '/sbin/ldconfig'...
   executing: '/sbin/depmod -a '...
   executing: '/usr/bin/systemctl daemon-reload'...
-> done.
-> Driver file installation is complete.
-> Running post-install sanity check:
-> done.
-> Post-install sanity check passed.
-> Installation of the NVIDIA Accelerated Graphics Driver for Linux-x86_64 (version: 550.144.03) is now complete.
